<?xml version="1.0" encoding="UTF-8"?>
<!-- Generated by org.testng.reporters.JUnitReportReporter -->
<testsuite hostname="LAPTOP-5B9G6GKJ" failures="0" tests="1" name="testcase.SignInTestCase" time="14.917" errors="0" timestamp="2022-10-12T15:03:16 IST" skipped="0">
  <testcase classname="testcase.SignInTestCase" name="SigninTest" time="14.917"/>
  <system-out/>
</testsuite> <!-- testcase.SignInTestCase -->
